This is pdfTeX, Version 3.14159265-2.6-1.40.21 (TeX Live 2020) (preloaded format=pdflatex 2024.8.28)  31 JAN 2025 08:02
entering extended mode
 restricted \write18 enabled.
 %&-line parsing enabled.
**main.tex
(./main.tex
LaTeX2e <2020-10-01> patch level 4
L3 programming layer <2021-02-18>
(/usr/share/texlive/texmf-dist/tex/latex/base/article.cls
Document Class: article 2020/04/10 v1.4m Standard LaTeX document class
(/usr/share/texlive/texmf-dist/tex/latex/base/size10.clo
File: size10.clo 2020/04/10 v1.4m Standard LaTeX file (size option)
)
\c@part=\count179
\c@section=\count180
\c@subsection=\count181
\c@subsubsection=\count182
\c@paragraph=\count183
\c@subparagraph=\count184
\c@figure=\count185
\c@table=\count186
\abovecaptionskip=\skip47
\belowcaptionskip=\skip48
\bibindent=\dimen138
)
(./Preambulo/preambulo.tex
(/usr/share/texlive/texmf-dist/tex/latex/enumitem/enumitem.sty
Package: enumitem 2019/06/20 v3.9 Customized lists
\enitkv@toks@=\toks15
\labelindent=\skip49
\enit@outerparindent=\dimen139
\enit@toks=\toks16
\enit@inbox=\box47
\enit@count@id=\count187
\enitdp@description=\count188
)
(/usr/share/texlive/texmf-dist/tex/latex/xcolor/xcolor.sty
Package: xcolor 2016/05/11 v2.12 LaTeX color extensions (UK)

(/usr/share/texlive/texmf-dist/tex/latex/graphics-cfg/color.cfg
File: color.cfg 2016/01/02 v1.6 sample color configuration
)
Package xcolor Info: Driver file: pdftex.def on input line 225.

(/usr/share/texlive/texmf-dist/tex/latex/graphics-def/pdftex.def
File: pdftex.def 2020/10/05 v1.2a Graphics/color driver for pdftex
)
Package xcolor Info: Model `cmy' substituted by `cmy0' on input line 1348.
Package xcolor Info: Model `hsb' substituted by `rgb' on input line 1352.
Package xcolor Info: Model `RGB' extended on input line 1364.
Package xcolor Info: Model `HTML' substituted by `rgb' on input line 1366.
Package xcolor Info: Model `Hsb' substituted by `hsb' on input line 1367.
Package xcolor Info: Model `tHsb' substituted by `hsb' on input line 1368.
Package xcolor Info: Model `HSB' substituted by `hsb' on input line 1369.
Package xcolor Info: Model `Gray' substituted by `gray' on input line 1370.
Package xcolor Info: Model `wave' substituted by `hsb' on input line 1371.
)
(/usr/share/texlive/texmf-dist/tex/latex/listings/listings.sty
(/usr/share/texlive/texmf-dist/tex/latex/graphics/keyval.sty
Package: keyval 2014/10/28 v1.15 key=value parser (DPC)
\KV@toks@=\toks17
)
\lst@mode=\count189
\lst@gtempboxa=\box48
\lst@token=\toks18
\lst@length=\count190
\lst@currlwidth=\dimen140
\lst@column=\count191
\lst@pos=\count192
\lst@lostspace=\dimen141
\lst@width=\dimen142
\lst@newlines=\count193
\lst@lineno=\count194
\lst@maxwidth=\dimen143

(/usr/share/texlive/texmf-dist/tex/latex/listings/lstmisc.sty
File: lstmisc.sty 2020/03/24 1.8d (Carsten Heinz)
\c@lstnumber=\count195
\lst@skipnumbers=\count196
\lst@framebox=\box49
)
(/usr/share/texlive/texmf-dist/tex/latex/listings/listings.cfg
File: listings.cfg 2020/03/24 1.8d listings configuration
))
Package: listings 2020/03/24 1.8d (Carsten Heinz)

(/usr/share/texlive/texmf-dist/tex/latex/fancyhdr/fancyhdr.sty
Package: fancyhdr 2021/01/28 v4.0.1 Extensive control of page headers and foote
rs
\f@nch@headwidth=\skip50
\f@nch@O@elh=\skip51
\f@nch@O@erh=\skip52
\f@nch@O@olh=\skip53
\f@nch@O@orh=\skip54
\f@nch@O@elf=\skip55
\f@nch@O@erf=\skip56
\f@nch@O@olf=\skip57
\f@nch@O@orf=\skip58
)
(/usr/share/texlive/texmf-dist/tex/latex/graphics/graphicx.sty
Package: graphicx 2020/09/09 v1.2b Enhanced LaTeX Graphics (DPC,SPQR)

(/usr/share/texlive/texmf-dist/tex/latex/graphics/graphics.sty
Package: graphics 2020/08/30 v1.4c Standard LaTeX Graphics (DPC,SPQR)

(/usr/share/texlive/texmf-dist/tex/latex/graphics/trig.sty
Package: trig 2016/01/03 v1.10 sin cos tan (DPC)
)
(/usr/share/texlive/texmf-dist/tex/latex/graphics-cfg/graphics.cfg
File: graphics.cfg 2016/06/04 v1.11 sample graphics configuration
)
Package graphics Info: Driver file: pdftex.def on input line 105.
)
\Gin@req@height=\dimen144
\Gin@req@width=\dimen145
)
(/usr/share/texlive/texmf-dist/tex/latex/tcolorbox/tcolorbox.sty
Package: tcolorbox 2020/10/09 version 4.42 text color boxes

(/usr/share/texlive/texmf-dist/tex/latex/pgf/basiclayer/pgf.sty
(/usr/share/texlive/texmf-dist/tex/latex/pgf/utilities/pgfrcs.sty
(/usr/share/texlive/texmf-dist/tex/generic/pgf/utilities/pgfutil-common.tex
\pgfutil@everybye=\toks19
\pgfutil@tempdima=\dimen146
\pgfutil@tempdimb=\dimen147

(/usr/share/texlive/texmf-dist/tex/generic/pgf/utilities/pgfutil-common-lists.t
ex)) (/usr/share/texlive/texmf-dist/tex/generic/pgf/utilities/pgfutil-latex.def
\pgfutil@abb=\box50
) (/usr/share/texlive/texmf-dist/tex/generic/pgf/utilities/pgfrcs.code.tex
(/usr/share/texlive/texmf-dist/tex/generic/pgf/pgf.revision.tex)
Package: pgfrcs 2020/12/27 v3.1.8b (3.1.8b)
))
Package: pgf 2020/12/27 v3.1.8b (3.1.8b)

(/usr/share/texlive/texmf-dist/tex/latex/pgf/basiclayer/pgfcore.sty
(/usr/share/texlive/texmf-dist/tex/latex/pgf/systemlayer/pgfsys.sty
(/usr/share/texlive/texmf-dist/tex/generic/pgf/systemlayer/pgfsys.code.tex
Package: pgfsys 2020/12/27 v3.1.8b (3.1.8b)

(/usr/share/texlive/texmf-dist/tex/generic/pgf/utilities/pgfkeys.code.tex
\pgfkeys@pathtoks=\toks20
\pgfkeys@temptoks=\toks21

(/usr/share/texlive/texmf-dist/tex/generic/pgf/utilities/pgfkeysfiltered.code.t
ex
\pgfkeys@tmptoks=\toks22
))
\pgf@x=\dimen148
\pgf@y=\dimen149
\pgf@xa=\dimen150
\pgf@ya=\dimen151
\pgf@xb=\dimen152
\pgf@yb=\dimen153
\pgf@xc=\dimen154
\pgf@yc=\dimen155
\pgf@xd=\dimen156
\pgf@yd=\dimen157
\w@pgf@writea=\write3
\r@pgf@reada=\read2
\c@pgf@counta=\count197
\c@pgf@countb=\count198
\c@pgf@countc=\count199
\c@pgf@countd=\count266
\t@pgf@toka=\toks23
\t@pgf@tokb=\toks24
\t@pgf@tokc=\toks25
\pgf@sys@id@count=\count267
 (/usr/share/texlive/texmf-dist/tex/generic/pgf/systemlayer/pgf.cfg
File: pgf.cfg 2020/12/27 v3.1.8b (3.1.8b)
)
Driver file for pgf: pgfsys-pdftex.def

(/usr/share/texlive/texmf-dist/tex/generic/pgf/systemlayer/pgfsys-pdftex.def
File: pgfsys-pdftex.def 2020/12/27 v3.1.8b (3.1.8b)

(/usr/share/texlive/texmf-dist/tex/generic/pgf/systemlayer/pgfsys-common-pdf.de
f
File: pgfsys-common-pdf.def 2020/12/27 v3.1.8b (3.1.8b)
)))
(/usr/share/texlive/texmf-dist/tex/generic/pgf/systemlayer/pgfsyssoftpath.code.
tex
File: pgfsyssoftpath.code.tex 2020/12/27 v3.1.8b (3.1.8b)
\pgfsyssoftpath@smallbuffer@items=\count268
\pgfsyssoftpath@bigbuffer@items=\count269
)
(/usr/share/texlive/texmf-dist/tex/generic/pgf/systemlayer/pgfsysprotocol.code.
tex
File: pgfsysprotocol.code.tex 2020/12/27 v3.1.8b (3.1.8b)
))
(/usr/share/texlive/texmf-dist/tex/generic/pgf/basiclayer/pgfcore.code.tex
Package: pgfcore 2020/12/27 v3.1.8b (3.1.8b)

(/usr/share/texlive/texmf-dist/tex/generic/pgf/math/pgfmath.code.tex
(/usr/share/texlive/texmf-dist/tex/generic/pgf/math/pgfmathcalc.code.tex
(/usr/share/texlive/texmf-dist/tex/generic/pgf/math/pgfmathutil.code.tex)
(/usr/share/texlive/texmf-dist/tex/generic/pgf/math/pgfmathparser.code.tex
\pgfmath@dimen=\dimen158
\pgfmath@count=\count270
\pgfmath@box=\box51
\pgfmath@toks=\toks26
\pgfmath@stack@operand=\toks27
\pgfmath@stack@operation=\toks28
)
(/usr/share/texlive/texmf-dist/tex/generic/pgf/math/pgfmathfunctions.code.tex
(/usr/share/texlive/texmf-dist/tex/generic/pgf/math/pgfmathfunctions.basic.code
.tex)
(/usr/share/texlive/texmf-dist/tex/generic/pgf/math/pgfmathfunctions.trigonomet
ric.code.tex)
(/usr/share/texlive/texmf-dist/tex/generic/pgf/math/pgfmathfunctions.random.cod
e.tex)
(/usr/share/texlive/texmf-dist/tex/generic/pgf/math/pgfmathfunctions.comparison
.code.tex)
(/usr/share/texlive/texmf-dist/tex/generic/pgf/math/pgfmathfunctions.base.code.
tex)
(/usr/share/texlive/texmf-dist/tex/generic/pgf/math/pgfmathfunctions.round.code
.tex)
(/usr/share/texlive/texmf-dist/tex/generic/pgf/math/pgfmathfunctions.misc.code.
tex)
(/usr/share/texlive/texmf-dist/tex/generic/pgf/math/pgfmathfunctions.integerari
thmetics.code.tex)))
(/usr/share/texlive/texmf-dist/tex/generic/pgf/math/pgfmathfloat.code.tex
\c@pgfmathroundto@lastzeros=\count271
))
(/usr/share/texlive/texmf-dist/tex/generic/pgf/math/pgfint.code.tex)
(/usr/share/texlive/texmf-dist/tex/generic/pgf/basiclayer/pgfcorepoints.code.te
x
File: pgfcorepoints.code.tex 2020/12/27 v3.1.8b (3.1.8b)
\pgf@picminx=\dimen159
\pgf@picmaxx=\dimen160
\pgf@picminy=\dimen161
\pgf@picmaxy=\dimen162
\pgf@pathminx=\dimen163
\pgf@pathmaxx=\dimen164
\pgf@pathminy=\dimen165
\pgf@pathmaxy=\dimen166
\pgf@xx=\dimen167
\pgf@xy=\dimen168
\pgf@yx=\dimen169
\pgf@yy=\dimen170
\pgf@zx=\dimen171
\pgf@zy=\dimen172
)
(/usr/share/texlive/texmf-dist/tex/generic/pgf/basiclayer/pgfcorepathconstruct.
code.tex
File: pgfcorepathconstruct.code.tex 2020/12/27 v3.1.8b (3.1.8b)
\pgf@path@lastx=\dimen173
\pgf@path@lasty=\dimen174
)
(/usr/share/texlive/texmf-dist/tex/generic/pgf/basiclayer/pgfcorepathusage.code
.tex
File: pgfcorepathusage.code.tex 2020/12/27 v3.1.8b (3.1.8b)
\pgf@shorten@end@additional=\dimen175
\pgf@shorten@start@additional=\dimen176
)
(/usr/share/texlive/texmf-dist/tex/generic/pgf/basiclayer/pgfcorescopes.code.te
x
File: pgfcorescopes.code.tex 2020/12/27 v3.1.8b (3.1.8b)
\pgfpic=\box52
\pgf@hbox=\box53
\pgf@layerbox@main=\box54
\pgf@picture@serial@count=\count272
)
(/usr/share/texlive/texmf-dist/tex/generic/pgf/basiclayer/pgfcoregraphicstate.c
ode.tex
File: pgfcoregraphicstate.code.tex 2020/12/27 v3.1.8b (3.1.8b)
\pgflinewidth=\dimen177
)
(/usr/share/texlive/texmf-dist/tex/generic/pgf/basiclayer/pgfcoretransformation
s.code.tex
File: pgfcoretransformations.code.tex 2020/12/27 v3.1.8b (3.1.8b)
\pgf@pt@x=\dimen178
\pgf@pt@y=\dimen179
\pgf@pt@temp=\dimen180
)
(/usr/share/texlive/texmf-dist/tex/generic/pgf/basiclayer/pgfcorequick.code.tex
File: pgfcorequick.code.tex 2020/12/27 v3.1.8b (3.1.8b)
)
(/usr/share/texlive/texmf-dist/tex/generic/pgf/basiclayer/pgfcoreobjects.code.t
ex
File: pgfcoreobjects.code.tex 2020/12/27 v3.1.8b (3.1.8b)
)
(/usr/share/texlive/texmf-dist/tex/generic/pgf/basiclayer/pgfcorepathprocessing
.code.tex
File: pgfcorepathprocessing.code.tex 2020/12/27 v3.1.8b (3.1.8b)
)
(/usr/share/texlive/texmf-dist/tex/generic/pgf/basiclayer/pgfcorearrows.code.te
x
File: pgfcorearrows.code.tex 2020/12/27 v3.1.8b (3.1.8b)
\pgfarrowsep=\dimen181
)
(/usr/share/texlive/texmf-dist/tex/generic/pgf/basiclayer/pgfcoreshade.code.tex
File: pgfcoreshade.code.tex 2020/12/27 v3.1.8b (3.1.8b)
\pgf@max=\dimen182
\pgf@sys@shading@range@num=\count273
\pgf@shadingcount=\count274
)
(/usr/share/texlive/texmf-dist/tex/generic/pgf/basiclayer/pgfcoreimage.code.tex
File: pgfcoreimage.code.tex 2020/12/27 v3.1.8b (3.1.8b)

(/usr/share/texlive/texmf-dist/tex/generic/pgf/basiclayer/pgfcoreexternal.code.
tex
File: pgfcoreexternal.code.tex 2020/12/27 v3.1.8b (3.1.8b)
\pgfexternal@startupbox=\box55
))
(/usr/share/texlive/texmf-dist/tex/generic/pgf/basiclayer/pgfcorelayers.code.te
x
File: pgfcorelayers.code.tex 2020/12/27 v3.1.8b (3.1.8b)
)
(/usr/share/texlive/texmf-dist/tex/generic/pgf/basiclayer/pgfcoretransparency.c
ode.tex
File: pgfcoretransparency.code.tex 2020/12/27 v3.1.8b (3.1.8b)
)
(/usr/share/texlive/texmf-dist/tex/generic/pgf/basiclayer/pgfcorepatterns.code.
tex
File: pgfcorepatterns.code.tex 2020/12/27 v3.1.8b (3.1.8b)
)
(/usr/share/texlive/texmf-dist/tex/generic/pgf/basiclayer/pgfcorerdf.code.tex
File: pgfcorerdf.code.tex 2020/12/27 v3.1.8b (3.1.8b)
)))
(/usr/share/texlive/texmf-dist/tex/generic/pgf/modules/pgfmoduleshapes.code.tex
File: pgfmoduleshapes.code.tex 2020/12/27 v3.1.8b (3.1.8b)
\pgfnodeparttextbox=\box56
) (/usr/share/texlive/texmf-dist/tex/generic/pgf/modules/pgfmoduleplot.code.tex
File: pgfmoduleplot.code.tex 2020/12/27 v3.1.8b (3.1.8b)
)
(/usr/share/texlive/texmf-dist/tex/latex/pgf/compatibility/pgfcomp-version-0-65
.sty
Package: pgfcomp-version-0-65 2020/12/27 v3.1.8b (3.1.8b)
\pgf@nodesepstart=\dimen183
\pgf@nodesepend=\dimen184
)
(/usr/share/texlive/texmf-dist/tex/latex/pgf/compatibility/pgfcomp-version-1-18
.sty
Package: pgfcomp-version-1-18 2020/12/27 v3.1.8b (3.1.8b)
)) (/usr/share/texlive/texmf-dist/tex/latex/tools/verbatim.sty
Package: verbatim 2020-07-07 v1.5u LaTeX2e package for verbatim enhancements
\every@verbatim=\toks29
\verbatim@line=\toks30
\verbatim@in@stream=\read3
)
(/usr/share/texlive/texmf-dist/tex/latex/environ/environ.sty
Package: environ 2014/05/04 v0.3 A new way to define environments

(/usr/share/texlive/texmf-dist/tex/latex/trimspaces/trimspaces.sty
Package: trimspaces 2009/09/17 v1.1 Trim spaces around a token list
)
\@envbody=\toks31
)
(/usr/share/texlive/texmf-dist/tex/latex/etoolbox/etoolbox.sty
Package: etoolbox 2020/10/05 v2.5k e-TeX tools for LaTeX (JAW)
\etb@tempcnta=\count275
)
\tcb@titlebox=\box57
\tcb@upperbox=\box58
\tcb@lowerbox=\box59
\tcb@phantombox=\box60
\c@tcbbreakpart=\count276
\c@tcblayer=\count277
\c@tcolorbox@number=\count278
\tcb@temp=\box61
\tcb@temp=\box62
\tcb@temp=\box63
\tcb@temp=\box64
\tcb@out=\write4
\tcb@record@out=\write5
)
(/usr/share/texlive/texmf-dist/tex/latex/tools/tabularx.sty
Package: tabularx 2020/01/15 v2.11c `tabularx' package (DPC)

(/usr/share/texlive/texmf-dist/tex/latex/tools/array.sty
Package: array 2020/10/01 v2.5c Tabular extension package (FMi)
\col@sep=\dimen185
\ar@mcellbox=\box65
\extrarowheight=\dimen186
\NC@list=\toks32
\extratabsurround=\skip59
\backup@length=\skip60
\ar@cellbox=\box66
)
\TX@col@width=\dimen187
\TX@old@table=\dimen188
\TX@old@col=\dimen189
\TX@target=\dimen190
\TX@delta=\dimen191
\TX@cols=\count279
\TX@ftn=\toks33
)
(/usr/share/texlive/texmf-dist/tex/latex/multirow/multirow.sty
Package: multirow 2021/03/15 v2.8 Span multiple rows of a table
\multirow@colwidth=\skip61
\multirow@cntb=\count280
\multirow@dima=\skip62
\bigstrutjot=\dimen192
)
(./cellspace.sty
Package: cellspace 2022/01/04 v1.9.0 Spacing table cells (JN)
 (/usr/share/texlive/texmf-dist/tex/latex/base/ifthen.sty
Package: ifthen 2014/09/29 v1.1c Standard LaTeX ifthen package (DPC)
)
(/usr/share/texlive/texmf-dist/tex/latex/tools/calc.sty
Package: calc 2017/05/25 v4.3 Infix arithmetic (KKT,FJ)
\calc@Acount=\count281
\calc@Bcount=\count282
\calc@Adimen=\dimen193
\calc@Bdimen=\dimen194
\calc@Askip=\skip63
\calc@Bskip=\skip64
LaTeX Info: Redefining \setlength on input line 80.
LaTeX Info: Redefining \addtolength on input line 81.
\calc@Ccount=\count283
\calc@Cskip=\skip65
)
(/usr/share/texlive/texmf-dist/tex/latex/xkeyval/xkeyval.sty
Package: xkeyval 2020/11/20 v2.8 package option processing (HA)

(/usr/share/texlive/texmf-dist/tex/generic/xkeyval/xkeyval.tex
(/usr/share/texlive/texmf-dist/tex/generic/xkeyval/xkvutils.tex
\XKV@toks=\toks34
\XKV@tempa@toks=\toks35
)
\XKV@depth=\count284
File: xkeyval.tex 2014/12/03 v2.7a key=value parser (HA)
))
\cellspacetoplimit=\dimen195
\cellspacebottomlimit=\dimen196
\cellspace@firstht=\dimen197
\cellspace@lastdp=\dimen198
)
(./tabularray.sty (/usr/share/texlive/texmf-dist/tex/latex/l3kernel/expl3.sty
Package: expl3 2021-02-18 L3 programming layer (loader) 

(/usr/share/texlive/texmf-dist/tex/latex/l3backend/l3backend-pdftex.def
File: l3backend-pdftex.def 2021-03-18 L3 backend support: PDF output (pdfTeX)
\l__color_backend_stack_int=\count285
\l__pdf_internal_box=\box67
))
Package: tabularray 2024-02-16 v2024A Typeset tabulars and arrays with LaTeX3

LaTeX3 Info: Defining command \TblrParboxRestore with sig. '' on line 46.


LaTeX3 Info: Defining command \TblrAlignBoth with sig. '' on line 55.


LaTeX3 Info: Defining command \TblrAlignLeft with sig. '' on line 57.


LaTeX3 Info: Defining command \TblrAlignCenter with sig. '' on line 59.


LaTeX3 Info: Defining command \TblrAlignRight with sig. '' on line 61.

\l__tblr_a_int=\count286
\l__tblr_c_int=\count287
\l__tblr_r_int=\count288
\l__tblr_d_dim=\dimen199
\l__tblr_h_dim=\dimen256
\l__tblr_o_dim=\dimen257
\l__tblr_p_dim=\dimen258
\l__tblr_q_dim=\dimen259
\l__tblr_r_dim=\dimen260
\l__tblr_s_dim=\dimen261
\l__tblr_t_dim=\dimen262
\l__tblr_v_dim=\dimen263
\l__tblr_w_dim=\dimen264
\l__tblr_a_box=\box68
\l__tblr_b_box=\box69
\l__tblr_c_box=\box70
\l__tblr_d_box=\box71
\g__tblr_table_count_int=\count289
\c@rownum=\count290
\c@colnum=\count291
\c@rowcount=\count292
\c@colcount=\count293

LaTeX3 Info: Defining command \therownum with sig. '' on line 159.


LaTeX3 Info: Defining command \thecolnum with sig. '' on line 160.


LaTeX3 Info: Defining command \therowcount with sig. '' on line 161.


LaTeX3 Info: Defining command \thecolcount with sig. '' on line 162.

\abovesep=\dimen265
\belowsep=\dimen266
\leftsep=\dimen267
\rightsep=\dimen268
\g_tblr_level_int=\count294
\g__tblr_data_row_key_count_int=\count295
\g__tblr_data_column_key_count_int=\count296
\g__tblr_data_cell_key_count_int=\count297
\g__tblr_array_int=\count298
\l__tblr_key_count_int=\count299
\l__tblr_key_quotient_int=\count300
\l__tblr_key_quotient_two_int=\count301
\l__tblr_key_remainder_int=\count302
\g__tblr_data_str_value_count_int=\count303

LaTeX3 Info: Defining command \NewChildSelector with sig. 'mO{0}om' on line
(LaTeX3)     837.


LaTeX3 Info: Defining command \__tblr_child_selector_odd:w with sig. 'O{}' on
(LaTeX3)     line 879.


LaTeX3 Info: Defining command \__tblr_child_selector_even:w with sig. 'O{}' on
(LaTeX3)     line 889.


LaTeX3 Info: Defining command \NewTableCommand with sig. 'mO{0}om' on line
(LaTeX3)     1017.


LaTeX3 Info: Defining command \__tblr_table_command_empty:w with sig. '' on
(LaTeX3)     line 1048.


LaTeX3 Info: Defining command \SetHlines with sig. 'omm' on line 1053.


LaTeX3 Info: Defining command \SetHline with sig. 'omm' on line 1054.


LaTeX3 Info: Defining command \SetVlines with sig. 'omm' on line 1055.


LaTeX3 Info: Defining command \SetVline with sig. 'omm' on line 1056.


LaTeX3 Info: Defining command \SetCells with sig. 'om' on line 1057.


LaTeX3 Info: Defining command \SetCell with sig. 'om' on line 1058.


LaTeX3 Info: Defining command \SetRows with sig. 'om' on line 1059.


LaTeX3 Info: Defining command \SetRow with sig. 'om' on line 1060.


LaTeX3 Info: Defining command \SetColumns with sig. 'om' on line 1061.


LaTeX3 Info: Defining command \SetColumn with sig. 'om' on line 1062.


LaTeX3 Info: Defining command \NewContentCommand with sig. 'mO{0}om' on line
(LaTeX3)     1090.

\rulewidth=\dimen269

LaTeX3 Info: Defining command \NewDashStyle with sig. 'mm' on line 1130.


LaTeX3 Info: Defining command \__tblr_table_command_SetHlines:w with sig.
(LaTeX3)     'O{+}mm' on line 1184.


LaTeX3 Info: Defining command \__tblr_table_command_cline:w with sig. 'O{}m'
(LaTeX3)     on line 1223.


LaTeX3 Info: Defining command \__tblr_table_command_hline:w with sig. 'O{}' on
(LaTeX3)     line 1225.


LaTeX3 Info: Defining command \__tblr_table_command_SetHline:w with sig.
(LaTeX3)     'O{+}mm' on line 1233.


LaTeX3 Info: Defining command \__tblr_table_command_firsthline:w with sig.
(LaTeX3)     'O{}' on line 1416.


LaTeX3 Info: Defining command \__tblr_table_command_lasthline:w with sig.
(LaTeX3)     'O{}' on line 1421.


LaTeX3 Info: Defining command \__tblr_table_command_SetVlines:w with sig.
(LaTeX3)     'O{+}mm' on line 1427.


LaTeX3 Info: Defining command \__tblr_table_command_rline:w with sig. 'O{}m'
(LaTeX3)     on line 1465.


LaTeX3 Info: Defining command \__tblr_table_command_rline_saved:w with sig.
(LaTeX3)     'O{}m' on line 1465.


LaTeX3 Info: Defining command \__tblr_table_command_vline:w with sig. 'O{}' on
(LaTeX3)     line 1467.


LaTeX3 Info: Defining command \__tblr_table_command_SetVline:w with sig.
(LaTeX3)     'O{+}mm' on line 1475.


LaTeX3 Info: Defining command \__tblr_table_command_hborder:w with sig. 'm' on
(LaTeX3)     line 1624.


LaTeX3 Info: Defining command \__tblr_table_command_hborder_saved:w with sig.
(LaTeX3)     'm' on line 1624.


LaTeX3 Info: Defining command \__tblr_table_command_vborder:w with sig. 'm' on
(LaTeX3)     line 1681.


LaTeX3 Info: Defining command \__tblr_table_command_vborder_saved:w with sig.
(LaTeX3)     'm' on line 1681.


LaTeX3 Info: Defining command \__tblr_table_command_SetCells:w with sig.
(LaTeX3)     'O{}m' on line 1727.


LaTeX3 Info: Defining command \__tblr_table_command_SetCell:w with sig. 'O{}m'
(LaTeX3)     on line 1759.


LaTeX3 Info: Defining command \__tblr_table_command_multicolumn:w with sig.
(LaTeX3)     'mm' on line 1968.


LaTeX3 Info: Defining command \__tblr_table_command_multirow:w with sig.
(LaTeX3)     'O{m}mm' on line 1973.


LaTeX3 Info: Defining command \__tblr_table_command_SetColumns:w with sig.
(LaTeX3)     'O{}m' on line 1983.


LaTeX3 Info: Defining command \__tblr_table_command_SetColumn:w with sig.
(LaTeX3)     'O{}m' on line 2011.


LaTeX3 Info: Defining command \__tblr_table_command_SetRows:w with sig. 'O{}m'
(LaTeX3)     on line 2151.


LaTeX3 Info: Defining command \__tblr_table_command_SetRow:w with sig. 'O{}m'
(LaTeX3)     on line 2179.


LaTeX3 Info: Defining command \__tblr_table_command_pagebreak:w with sig.
(LaTeX3)     'O{4}' on line 2318.


LaTeX3 Info: Defining command \__tblr_table_command_nopagebreak:w with sig.
(LaTeX3)     'O{4}' on line 2323.


LaTeX3 Info: Defining command \tblr_primitive_column_type_Q with sig. 'O{}' on
(LaTeX3)     line 2339.


LaTeX3 Info: Defining command \tblr_column_type_Q with sig. 'O{}' on line
(LaTeX3)     2344.


LaTeX3 Info: Defining command \tblr_primitive_row_type_Q with sig. 'O{}' on
(LaTeX3)     line 2351.


LaTeX3 Info: Defining command \tblr_row_type_Q with sig. 'O{}' on line 2356.


LaTeX3 Info: Defining command \tblr_primitive_column_type_| with sig. 'O{}' on
(LaTeX3)     line 2362.


LaTeX3 Info: Defining command \tblr_column_type_| with sig. 'O{}' on line
(LaTeX3)     2367.


LaTeX3 Info: Defining command \tblr_primitive_row_type_| with sig. 'O{}' on
(LaTeX3)     line 2373.


LaTeX3 Info: Defining command \tblr_row_type_| with sig. 'O{}' on line 2378.


LaTeX3 Info: Defining command \tblr_primitive_column_type_> with sig. 'O{}m'
(LaTeX3)     on line 2394.


LaTeX3 Info: Defining command \tblr_column_type_> with sig. 'O{}m' on line
(LaTeX3)     2399.


LaTeX3 Info: Defining command \tblr_primitive_row_type_> with sig. 'O{}m' on
(LaTeX3)     line 2413.


LaTeX3 Info: Defining command \tblr_row_type_> with sig. 'O{}m' on line 2418.


LaTeX3 Info: Defining command \tblr_primitive_column_type_< with sig. 'O{}m'
(LaTeX3)     on line 2435.


LaTeX3 Info: Defining command \tblr_column_type_< with sig. 'O{}m' on line
(LaTeX3)     2440.


LaTeX3 Info: Defining command \tblr_primitive_row_type_< with sig. 'O{}m' on
(LaTeX3)     line 2457.


LaTeX3 Info: Defining command \tblr_row_type_< with sig. 'O{}m' on line 2462.


LaTeX3 Info: Defining command \NewColumnType with sig. 'mO{0}om' on line 2482.


LaTeX3 Info: Defining command \NewRowType with sig. 'mO{0}om' on line 2488.


LaTeX3 Info: Defining command \NewColumnRowType with sig. 'mO{0}om' on line
(LaTeX3)     2496.


LaTeX3 Info: Defining command \tblr_column_type_l with sig. '' on line 2521.


LaTeX3 Info: Defining command \tblr_row_type_l with sig. '' on line 2521.


LaTeX3 Info: Defining command \tblr_column_type_c with sig. '' on line 2522.


LaTeX3 Info: Defining command \tblr_row_type_c with sig. '' on line 2522.


LaTeX3 Info: Defining command \tblr_column_type_r with sig. '' on line 2523.


LaTeX3 Info: Defining command \tblr_row_type_r with sig. '' on line 2523.


LaTeX3 Info: Defining command \tblr_column_type_j with sig. '' on line 2524.


LaTeX3 Info: Defining command \tblr_row_type_j with sig. '' on line 2524.


LaTeX3 Info: Defining command \tblr_column_type_t with sig. 'm' on line 2526.


LaTeX3 Info: Defining command \tblr_column_type_p with sig. 'm' on line 2527.


LaTeX3 Info: Defining command \tblr_column_type_m with sig. 'm' on line 2528.


LaTeX3 Info: Defining command \tblr_column_type_b with sig. 'm' on line 2529.


LaTeX3 Info: Defining command \tblr_column_type_h with sig. 'm' on line 2530.


LaTeX3 Info: Defining command \tblr_column_type_f with sig. 'm' on line 2531.


LaTeX3 Info: Defining command \tblr_row_type_t with sig. 'm' on line 2533.


LaTeX3 Info: Defining command \tblr_row_type_p with sig. 'm' on line 2534.


LaTeX3 Info: Defining command \tblr_row_type_m with sig. 'm' on line 2535.


LaTeX3 Info: Defining command \tblr_row_type_b with sig. 'm' on line 2536.


LaTeX3 Info: Defining command \tblr_row_type_h with sig. 'm' on line 2537.


LaTeX3 Info: Defining command \tblr_row_type_f with sig. 'm' on line 2538.


LaTeX3 Info: Defining command \tblr_column_type_X with sig. 'O{}' on line
(LaTeX3)     2540.


LaTeX3 Info: Defining command \tblr_row_type_X with sig. 'O{}' on line 2540.


LaTeX3 Info: Defining command \tblr_column_type_! with sig. 'm' on line 2542.


LaTeX3 Info: Defining command \tblr_row_type_! with sig. 'm' on line 2542.


LaTeX3 Info: Defining command \tblr_column_type_@ with sig. 'm' on line 2543.


LaTeX3 Info: Defining command \tblr_row_type_@ with sig. 'm' on line 2543.


LaTeX3 Info: Defining command \tblr_column_type_* with sig. 'mm' on line 2544.


LaTeX3 Info: Defining command \tblr_row_type_* with sig. 'mm' on line 2544.


LaTeX3 Info: Defining command \SetTblrInner with sig. 'O{tblr}m' on line 2632.


LaTeX3 Info: Defining command \SetTblrOuter with sig. 'O{tblr}m' on line 2641.


LaTeX3 Info: Defining command \NewTblrEnviron with sig. 'm' on line 2653.


LaTeX3 Info: Defining environment 'tblr' with sig. 'O{c}m+b' on line 2656.


LaTeX3 Info: Defining environment 'longtblr' with sig. 'O{c}m+b' on line 2657.


LaTeX3 Info: Defining environment 'talltblr' with sig. 'O{c}m+b' on line 2659.


LaTeX3 Info: Defining command \__tblr_table_command_RowBefore@AddBelowSep:w
(LaTeX3)     with sig. 'O{}' on line 2837.


LaTeX3 Info: Defining command
(LaTeX3)     \__tblr_table_command_RowBefore@AddBelowSep_saved:w with sig.
(LaTeX3)     'O{}' on line 2837.


LaTeX3 Info: Defining command \NewTblrTheme with sig. 'm+m' on line 3189.

\l__tblr_strut_dp_dim=\dimen270
\l__tblr_strut_ht_dim=\dimen271
\g__tblr_cell_wd_dim=\dimen272
\g__tblr_cell_ht_dim=\dimen273
\g__tblr_cell_head_dim=\dimen274
\g__tblr_cell_foot_dim=\dimen275

LaTeX3 Info: Defining command \__tblr_fake_color_command:w with sig. 'om' on
(LaTeX3)     line 3748.

\l__column_target_dim=\dimen276

LaTeX3 Info: Defining command \SetTblrStyle with sig. 'm+m' on line 4657.


LaTeX3 Info: Defining command \DefTblrTemplate with sig. 'mm+m' on line 4731.


LaTeX3 Info: Defining command \SetTblrTemplate with sig. 'mm' on line 4752.


LaTeX3 Info: Defining command \GetTblrStyle with sig. 'mm' on line 4764.


LaTeX3 Info: Defining command \UseTblrFont with sig. 'm' on line 4769.


LaTeX3 Info: Defining command \UseTblrColor with sig. 'm' on line 4777.


LaTeX3 Info: Defining command \UseTblrAlign with sig. 'm' on line 4783.


LaTeX3 Info: Defining command \UseTblrHang with sig. 'm' on line 4797.


LaTeX3 Info: Defining command \UseTblrIndent with sig. 'm' on line 4806.


LaTeX3 Info: Defining command \ExpTblrTemplate with sig. 'mm' on line 4817.


LaTeX3 Info: Defining command \UseTblrTemplate with sig. 'mm' on line 4827.


LaTeX3 Info: Defining command \MapTblrNotes with sig. '+m' on line 4837.


LaTeX3 Info: Defining command \MapTblrRemarks with sig. '+m' on line 4847.


LaTeX3 Info: Defining command \InsertTblrText with sig. 'm' on line 4852.


LaTeX3 Info: Defining command \InsertTblrMore with sig. 'm' on line 4857.

\l__tblr_caption_box=\box72
\l__tblr_caption_left_box=\box73

LaTeX3 Info: Defining command \TblrNote with sig. 'm' on line 5147.

\l__tblr_row_head_box=\box74
\l__tblr_row_foot_box=\box75
\l__tblr_row_head_foot_dim=\dimen277
\tablewidth=\dimen278
\l__tblr_table_firsthead_box=\box76
\l__tblr_table_middlehead_box=\box77
\l__tblr_table_lasthead_box=\box78
\l__tblr_table_firstfoot_box=\box79
\l__tblr_table_middlefoot_box=\box80
\l__tblr_table_lastfoot_box=\box81
\l__tblr_remain_height_dim=\dimen279
\l__tblr_long_from_int=\count304
\l__tblr_long_to_int=\count305
\l__tblr_curr_i_int=\count306
\l__tblr_prev_i_int=\count307
\l__tblr_table_page_int=\count308
\l__tblr_table_head_box=\box82
\l__tblr_table_foot_box=\box83
\l__tblr_table_head_foot_dim=\dimen280
\l__tblr_table_head_body_foot_dim=\dimen281
\l__tblr_table_box=\box84
\l__tblr_table_hlines_box=\box85
\l__tblr_hline_box=\box86
\l__tblr_row_box=\box87
\l__tblr_col_o_wd_dim=\dimen282
\l__tblr_col_b_wd_dim=\dimen283
\l__tblr_hline_leftskip_dim=\dimen284
\l__tblr_hline_rightskip_dim=\dimen285
\l__tblr_row_ht_dim=\dimen286
\l__tblr_row_dp_dim=\dimen287
\l__tblr_row_abovesep_dim=\dimen288
\l__tblr_row_belowsep_dim=\dimen289
\l__tblr_row_vlines_box=\box88
\l__tblr_vline_box=\box89
\l__tblr_cell_box=\box90
\l__row_upper_dim=\dimen290
\l__row_lower_dim=\dimen291
\l__row_vpace_dim=\dimen292
\l__tblr_vline_aboveskip_dim=\dimen293
\l__tblr_vline_belowskip_dim=\dimen294
\l__tblr_cell_wd_dim=\dimen295
\l__tblr_cell_ht_dim=\dimen296

LaTeX3 Info: Defining command \SetTblrTracing with sig. 'm' on line 6801.


LaTeX3 Info: Defining command \LogTblrTracing with sig. 'm' on line 6913.


LaTeX3 Info: Defining command \NewTblrLibrary with sig. 'mm' on line 7038.


LaTeX3 Info: Defining command \UseTblrLibrary with sig. 'm' on line 7047.

\l__tblr_diag_box=\box91
)

! LaTeX Error: File `tlbr.sty' not found.

Type X to quit or <RETURN> to proceed,
or enter new name. (Default extension: sty)

Enter file name: 
! Emergency stop.
<read *> 
         
l.19 ^^M
        
End of file on the terminal!

 
Here is how much of TeX's memory you used:
 14650 strings out of 481008
 300001 string characters out of 5909439
 573298 words of memory out of 5000000
 31650 multiletter control sequences out of 15000+600000
 403430 words of font info for 27 fonts, out of 8000000 for 9000
 14 hyphenation exceptions out of 8191
 91i,0n,91p,466b,263s stack positions out of 5000i,500n,10000p,200000b,80000s
!  ==> Fatal error occurred, no output PDF file produced!
